autoscan: warning: missing AC_CHECK_FUNCS([gettimeofday]) wanted by: 
	src/util.c:74
autoscan: warning: missing AC_CHECK_FUNCS([memset]) wanted by: 
	src/vector.c:57
	src/vector.c:90
	src/results.c:567
	src/proc_diskstats.c:291
	src/array.c:519
	src/proc_pid_smaps.c:184
	src/base.c:238
	src/base.c:251
	src/base.c:368
	src/base.c:493
	include/uthash.h:115
	include/uthash.h:146
	include/uthash.h:154
	include/uthash.h:675
autoscan: warning: missing AC_CHECK_FUNCS([regcomp]) wanted by: 
	src/base.c:256
autoscan: warning: missing AC_CHECK_FUNCS([strchr]) wanted by: 
	src/base.c:559
autoscan: warning: missing AC_CHECK_FUNCS([strdup]) wanted by: 
	src/results.c:443
	src/results.c:825
	src/opt.c:78
	src/opt.c:91
	src/limits.c:192
	src/base.c:764
	src/base.c:767
	src/base.c:788
	src/base.c:808
	src/base.c:861
	src/base.c:864
autoscan: warning: missing AC_CHECK_FUNCS([strtoul]) wanted by: 
	src/proc_net_snmp6.c:170
	src/proc_pid_statm.c:104
	src/proc_stat.c:169
	src/proc_stat.c:178
	src/proc_stat.c:189
	src/proc_stat.c:200
	src/proc_stat.c:206
	src/proc_pid_stat.c:355
	src/proc_pid_stat.c:370
	src/proc_pid_stat.c:392
	src/proc_pid_stat.c:401
	src/proc_softirqs.c:103
	src/proc_net_snmp.c:134
	src/proc_net_rpc_nfsd.c:251
	src/proc_pid_io.c:98
	src/proc_net_rpc_nfs.c:172
	src/proc_partitions.c:94
	src/proc_meminfo.c:75
	src/proc_vmstat.c:80
	src/proc_sys_fs_file-nr.c:70
	src/proc_sys_fs_file-nr.c:77
	src/proc_sys_fs_file-nr.c:77
	src/proc_pid_smaps.c:215
	src/proc_net_sockstat.c:115
autoscan: warning: missing AC_CHECK_HEADERS([fcntl.h]) wanted by: 
	src/base.c:22
autoscan: warning: missing AC_CHECK_HEADERS([inttypes.h]) wanted by: 
	include/uthash.h:64
autoscan: warning: missing AC_CHECK_HEADERS([limits.h]) wanted by: 
	src/base.c:23
autoscan: warning: missing AC_CHECK_HEADERS([stddef.h]) wanted by: 
	src/reference.h:24
	src/base_private.h:24
	include/uthash.h:28
	include/topiary/util.h:32
autoscan: warning: missing AC_CHECK_HEADERS([stdlib.h]) wanted by: 
	src/proc_osrelease.c:25
	src/proc_net_netstat.c:27
	src/proc_net_snmp6.c:100
	src/allocate.h:24
	src/proc_mounts.c:64
	src/reference.h:25
	src/proc_pid_statm.c:38
	src/proc_pid_environ.c:22
	src/proc_cmdline.c:25
	src/ntp_drift.c:25
	src/proc_stat.c:87
	src/proc_pid_stat.c:112
	src/proc_softirqs.c:22
	src/sys_disksectors.c:23
	src/proc_uptime.c:25
	src/proc_net_snmp.c:36
	src/proc_pid_status.c:62
	src/proc_net_rpc_nfsd.c:35
	src/proc_buddyinfo.c:27
	src/proc_pid_io.c:22
	src/proc_net_rpc_nfs.c:29
	src/sys_cpufreq.c:28
	src/proc_partitions.c:33
	src/proc_diskstats.c:85
	src/proc_meminfo.c:22
	src/proc_vmstat.c:23
	src/proc_cpuinfo.c:22
	src/proc_sys_fs_file-nr.c:25
	src/proc_pid_smaps.c:58
	src/proc_cgroups.c:33
	src/proc_net_sockstat.c:30
	src/proc_net_dev.c:34
	src/proc_hostname.c:25
	src/proc_interrupts.c:23
	src/proc_loadavg.c:25
	src/proc_domainname.c:31
	include/uthash.h:29
autoscan: warning: missing AC_CHECK_HEADERS([string.h]) wanted by: 
	test/topiary.c:22
	src/proc_osrelease.c:26
	src/proc_net_netstat.c:29
	src/proc_net_snmp6.c:102
	src/proc_mounts.c:66
	src/proc_pid_statm.c:39
	src/proc_pid_environ.c:23
	src/proc_cmdline.c:26
	src/memdup.h:24
	src/ntp_drift.c:26
	src/io.h:24
	src/proc_stat.c:89
	src/proc_pid_stat.c:113
	src/proc_softirqs.c:23
	src/sys_disksectors.c:24
	src/proc_uptime.c:26
	src/proc_net_snmp.c:38
	src/proc_pid_status.c:63
	src/proc_net_rpc_nfsd.c:37
	src/proc_buddyinfo.c:29
	src/proc_pid_io.c:23
	src/vector.c:25
	src/proc_net_rpc_nfs.c:31
	src/sys_cpufreq.c:29
	src/proc_partitions.c:35
	src/opt.c:21
	src/interface.c:21
	src/proc_diskstats.c:86
	src/proc_meminfo.c:23
	src/array.c:24
	src/proc_vmstat.c:25
	src/proc_cpuinfo.c:23
	src/limits.c:21
	src/proc_sys_fs_file-nr.c:26
	src/proc_pid_smaps.c:59
	src/proc_cgroups.c:35
	src/proc_net_sockstat.c:32
	src/proc_net_dev.c:36
	src/proc_hostname.c:26
	src/proc_interrupts.c:24
	src/error.c:22
	src/proc_loadavg.c:26
	src/proc_domainname.c:32
	include/uthash.h:27
autoscan: warning: missing AC_CHECK_HEADERS([sys/time.h]) wanted by: 
	src/util.c:21
	src/results_private.h:24
	include/topiary/util.h:31
autoscan: warning: missing AC_CHECK_HEADERS([unistd.h]) wanted by: 
	test/topiary.c:24
	src/io.h:25
	src/results.c:22
	src/test-topiary.c:22
	src/base.c:28
autoscan: warning: missing AC_CHECK_TYPES([ptrdiff_t]) wanted by: 
	include/uthash.h:229
	include/uthash.h:233
	include/uthash.h:239
	include/uthash.h:808
	include/uthash.h:901
autoscan: warning: missing AC_C_INLINE wanted by: 
	src/allocate.h:30
	src/allocate.h:42
	src/reference.h:37
	src/reference.h:62
	src/memdup.h:26
	src/io.h:31
	src/io.h:44
	src/io.h:62
	src/val2str.h:41
	src/val2str.h:50
	src/val2str.h:59
	src/val2str.h:68
	src/val2str.h:77
	src/val2str.h:86
	src/val2str.h:95
	src/val2str.h:104
	src/strlcpy.h:32
	src/limit_chr.h:33
autoscan: warning: missing AC_FUNC_REALLOC wanted by: 
	src/allocate.h:34
autoscan: warning: missing AC_FUNC_STRERROR_R wanted by: 
	src/error.c:65
autoscan: warning: missing AC_PROG_INSTALL wanted by: 
	Makefile.in:30
	Makefile.in:95
	Makefile.in:112
	man/Makefile.in:17
	man/Makefile.in:29
	test/Makefile.in:27
	test/Makefile.in:28
	test/Makefile.in:51
	src/Makefile.in:72
	src/Makefile.in:73
	src/Makefile.in:74
	src/Makefile.in:75
	src/Makefile.in:107
	include/Makefile.in:9
	include/Makefile.in:18
	include/topiary/Makefile.in:20
	include/topiary/Makefile.in:21
	include/topiary/Makefile.in:32
autoscan: warning: missing AC_TYPE_SIZE_T wanted by: 
	test/topiary.c:57
	src/proc_net_netstat.c:61
	src/proc_net_netstat.c:84
	src/proc_net_netstat.c:85
	src/proc_net_snmp6.c:134
	src/allocate.h:31
	src/proc_mounts.c:84
	src/proc_mounts.c:104
	src/vector_private.h:29
	src/vector_private.h:30
	src/vector_private.h:38
	src/vector_private.h:44
	src/vector_private.h:45
	src/vector_private.h:48
	src/vector_private.h:49
	src/vector_private.h:52
	src/vector_private.h:54
	src/vector_private.h:56
	src/vector_private.h:59
	src/vector_private.h:60
	src/util.c:60
	src/reference.h:38
	src/proc_pid_statm.c:57
	src/proc_pid_statm.c:84
	src/proc_pid_environ.c:42
	src/proc_pid_environ.c:66
	src/proc_pid_environ.c:77
	src/proc_cmdline.c:43
	src/memdup.h:27
	src/base_private.h:41
	src/base_private.h:57
	src/base_private.h:70
	src/base_private.h:88
	src/base_private.h:91
	src/base_private.h:96
	src/ntp_drift.c:45
	src/ntp_drift.c:46
	src/limits_private.h:25
	src/limits_private.h:32
	src/limits_private.h:33
	src/limits_private.h:38
	src/limits_private.h:39
	src/limits_private.h:41
	src/limits_private.h:47
	src/limits_private.h:47
	src/limits_private.h:50
	src/io.h:45
	src/proc_stat.c:107
	src/proc_stat.c:120
	src/proc_stat.c:122
	src/proc_stat.c:125
	src/proc_stat.c:137
	src/proc_pid_stat.c:317
	src/proc_pid_stat.c:331
	src/proc_pid_stat.c:332
	src/proc_pid_stat.c:424
	src/proc_pid_stat.c:601
	src/proc_pid_stat.c:641
	src/proc_softirqs.c:43
	src/proc_softirqs.c:71
	src/sys_disksectors.c:41
	src/sys_disksectors.c:41
	src/proc_uptime.c:45
	src/proc_uptime.c:46
	src/proc_net_snmp.c:70
	src/proc_net_snmp.c:93
	src/proc_net_snmp.c:94
	src/proc_pid_status.c:83
	src/proc_pid_status.c:111
	src/proc_pid_status.c:125
	src/proc_net_rpc_nfsd.c:57
	src/proc_net_rpc_nfsd.c:60
	src/proc_net_rpc_nfsd.c:67
	src/proc_net_rpc_nfsd.c:72
	src/proc_net_rpc_nfsd.c:77
	src/proc_net_rpc_nfsd.c:83
	src/proc_net_rpc_nfsd.c:88
	src/proc_net_rpc_nfsd.c:96
	src/proc_net_rpc_nfsd.c:106
	src/proc_net_rpc_nfsd.c:112
	src/proc_net_rpc_nfsd.c:130
	src/proc_net_rpc_nfsd.c:147
	src/proc_net_rpc_nfsd.c:167
	src/proc_buddyinfo.c:47
	src/proc_buddyinfo.c:63
	src/interface_private.h:41
	src/proc_pid_io.c:42
	src/proc_pid_io.c:66
	src/vector.c:32
	src/vector.c:38
	src/vector.c:38
	src/vector.c:42
	src/vector.c:43
	src/vector.c:64
	src/vector.c:70
	src/vector.c:70
	src/vector.c:74
	src/vector.c:75
	src/vector.c:97
	src/vector.c:183
	src/vector.c:204
	src/vector.c:223
	src/vector.c:232
	src/vector.c:285
	src/vector.c:318
	src/vector.c:351
	src/vector.c:402
	src/vector.c:448
	src/vector.c:464
	src/vector.c:479
	src/proc_net_rpc_nfs.c:51
	src/proc_net_rpc_nfs.c:53
	src/proc_net_rpc_nfs.c:60
	src/proc_net_rpc_nfs.c:68
	src/proc_net_rpc_nfs.c:83
	src/proc_net_rpc_nfs.c:100
	src/proc_net_rpc_nfs.c:120
	src/results.c:34
	src/results.c:463
	src/results.c:543
	src/results.c:549
	src/results.c:577
	src/results.c:811
	src/proc_partitions.c:52
	src/val2str.h:42
	src/val2str.h:51
	src/val2str.h:60
	src/val2str.h:69
	src/val2str.h:78
	src/val2str.h:78
	src/val2str.h:87
	src/val2str.h:96
	src/val2str.h:105
	src/array_private.h:43
	src/array_private.h:44
	src/array_private.h:45
	src/array_private.h:47
	src/array_private.h:47
	src/array_private.h:48
	src/array_private.h:49
	src/array_private.h:53
	src/array_private.h:53
	src/array_private.h:57
	src/array_private.h:57
	src/interface.c:109
	src/interface.c:112
	src/interface.c:158
	src/interface.c:178
	src/interface.c:192
	src/interface.c:204
	src/interface.c:226
	src/interface.c:545
	src/results_private.h:66
	src/results_private.h:77
	src/results_private.h:86
	src/results_private.h:87
	src/results_private.h:100
	src/results_private.h:105
	src/results_private.h:128
	src/proc_diskstats.c:101
	src/proc_diskstats.c:160
	src/proc_diskstats.c:206
	src/proc_diskstats.c:326
	src/proc_meminfo.c:42
	src/array.c:147
	src/array.c:159
	src/array.c:210
	src/array.c:210
	src/array.c:281
	src/array.c:281
	src/array.c:368
	src/array.c:368
	src/array.c:434
	src/array.c:434
	src/array.c:458
	src/array.c:472
	src/array.c:473
	src/array.c:517
	src/array.c:519
	src/array.c:538
	src/array.c:557
	src/array.c:557
	src/proc_vmstat.c:43
	src/proc_cpuinfo.c:42
	src/limits.c:54
	src/limits.c:54
	src/limits.c:100
	src/limits.c:121
	src/limits.c:131
	src/limits.c:146
	src/limits.c:172
	src/test-topiary.c:342
	src/test-topiary.c:349
	src/test-topiary.c:356
	src/test-topiary.c:406
	src/test-topiary.c:412
	src/test-topiary.c:456
	src/test-topiary.c:463
	src/test-topiary.c:470
	src/proc_sys_fs_file-nr.c:52
	src/proc_pid_smaps.c:78
	src/proc_pid_smaps.c:103
	src/proc_cgroups.c:52
	src/proc_cgroups.c:71
	src/proc_net_sockstat.c:64
	src/proc_net_sockstat.c:85
	src/proc_net_dev.c:68
	src/proc_net_dev.c:83
	src/proc_net_dev.c:93
	src/proc_net_dev.c:122
	src/proc_interrupts.c:44
	src/proc_interrupts.c:67
	src/proc_interrupts.c:72
	src/proc_interrupts.c:89
	src/error.c:62
	src/proc_loadavg.c:46
	src/base.c:44
	src/base.c:121
	src/base.c:147
	src/base.c:193
	src/base.c:204
	src/base.c:205
	src/base.c:254
	src/base.c:336
	src/base.c:359
	src/base.c:487
	src/base.c:491
	src/base.c:493
	src/base.c:681
	src/base.c:820
	src/base.c:893
	src/base.c:947
	src/base.c:967
	src/base.c:973
	include/uthash.h:853
	include/topiary/util.h:36
	include/topiary/interface.h:80
	include/topiary/interface.h:81
	include/topiary/interface.h:82
	include/topiary/interface.h:84
	include/topiary/interface.h:104
	include/topiary/error.h:41
autoscan: warning: missing AC_TYPE_SSIZE_T wanted by: 
	src/io.h:31
	src/io.h:34
	src/io.h:44
	src/io.h:47
	src/io.h:48
	src/io.h:62
	src/base.c:157
autoscan: warning: missing AC_TYPE_UINT16_T wanted by: 
	include/uthash.h:482
	include/uthash.h:490
autoscan: warning: missing AC_TYPE_UINT32_T wanted by: 
	include/uthash.h:61
	include/uthash.h:128
	include/uthash.h:131
	include/uthash.h:466
	include/uthash.h:471
	include/uthash.h:480
	include/uthash.h:490
	include/uthash.h:558
	include/uthash.h:559
	include/uthash.h:560
	include/uthash.h:561
	include/uthash.h:563
	include/uthash.h:563
	include/uthash.h:920
	include/uthash.h:922
autoscan: warning: missing AC_TYPE_UINT8_T wanted by: 
	include/uthash.h:62
	include/uthash.h:113
	include/uthash.h:466
	include/uthash.h:556
	include/uthash.h:556
	include/uthash.h:562
	include/uthash.h:575
	include/uthash.h:923
