This file contains any messages produced by compilers while
running configure, to aid debugging if configure makes a mistake.

It was created by topiary configure 0.0.1, which was
generated by GNU Autoconf 2.69.  Invocation command line was

  $ ./configure 

## --------- ##
## Platform. ##
## --------- ##

hostname = Feynmann.hewlett
uname -m = x86_64
uname -r = 3.8.0-25-generic
uname -s = Linux
uname -v = #37-Ubuntu SMP Thu Jun 6 20:47:07 UTC 2013

/usr/bin/uname -p = unknown
/bin/uname -X     = unknown

/bin/arch              = unknown
/usr/bin/arch -k       = unknown
/usr/convex/getsysinfo = unknown
/usr/bin/hostinfo      = unknown
/bin/machine           = unknown
/usr/bin/oslevel       = unknown
/bin/universe          = unknown

PATH: /home/paul/storm/bin
PATH: /usr/games
PATH: /home/paul/bin
PATH: /usr/lib/lightdm/lightdm
PATH: /usr/local/sbin
PATH: /usr/local/bin
PATH: /usr/sbin
PATH: /usr/bin
PATH: /sbin
PATH: /bin
PATH: /usr/games
PATH: /usr/local/games


## ----------- ##
## Core tests. ##
## ----------- ##

configure:2298: checking for gcc
configure:2314: found /usr/bin/gcc
configure:2325: result: gcc
configure:2554: checking for C compiler version
configure:2563: gcc --version >&5
gcc (Ubuntu/Linaro 4.7.3-1ubuntu1) 4.7.3
Copyright (C) 2012 Free Software Foundation, Inc.
This is free software; see the source for copying conditions.  There is NO
warranty; not even for MERCHANTABILITY or FITNESS FOR A PARTICULAR PURPOSE.

configure:2574: $? = 0
configure:2563: gcc -v >&5
Using built-in specs.
COLLECT_GCC=gcc
COLLECT_LTO_WRAPPER=/usr/lib/gcc/x86_64-linux-gnu/4.7/lto-wrapper
Target: x86_64-linux-gnu
Configured with: ../src/configure -v --with-pkgversion='Ubuntu/Linaro 4.7.3-1ubuntu1' --with-bugurl=file:///usr/share/doc/gcc-4.7/README.Bugs --enable-languages=c,c++,go,fortran,objc,obj-c++ --prefix=/usr --program-suffix=-4.7 --enable-shared --enable-linker-build-id --libexecdir=/usr/lib --without-included-gettext --enable-threads=posix --with-gxx-include-dir=/usr/include/c++/4.7 --libdir=/usr/lib --enable-nls --with-sysroot=/ --enable-clocale=gnu --enable-libstdcxx-debug --enable-libstdcxx-time=yes --enable-gnu-unique-object --enable-plugin --with-system-zlib --enable-objc-gc --with-cloog --enable-cloog-backend=ppl --disable-cloog-version-check --disable-ppl-version-check --enable-multiarch --disable-werror --with-arch-32=i686 --with-abi=m64 --with-multilib-list=m32,m64,mx32 --with-tune=generic --enable-checking=release --build=x86_64-linux-gnu --host=x86_64-linux-gnu --target=x86_64-linux-gnu
Thread model: posix
gcc version 4.7.3 (Ubuntu/Linaro 4.7.3-1ubuntu1) 
configure:2574: $? = 0
configure:2563: gcc -V >&5
gcc: error: unrecognized command line option '-V'
gcc: fatal error: no input files
compilation terminated.
configure:2574: $? = 4
configure:2563: gcc -qversion >&5
gcc: error: unrecognized command line option '-qversion'
gcc: fatal error: no input files
compilation terminated.
configure:2574: $? = 4
configure:2594: checking whether the C compiler works
configure:2616: gcc    conftest.c  >&5
configure:2620: $? = 0
configure:2668: result: yes
configure:2671: checking for C compiler default output file name
configure:2673: result: a.out
configure:2679: checking for suffix of executables
configure:2686: gcc -o conftest    conftest.c  >&5
configure:2690: $? = 0
configure:2712: result: 
configure:2734: checking whether we are cross compiling
configure:2742: gcc -o conftest    conftest.c  >&5
configure:2746: $? = 0
configure:2753: ./conftest
configure:2757: $? = 0
configure:2772: result: no
configure:2777: checking for suffix of object files
configure:2799: gcc -c   conftest.c >&5
configure:2803: $? = 0
configure:2824: result: o
configure:2828: checking whether we are using the GNU C compiler
configure:2847: gcc -c   conftest.c >&5
configure:2847: $? = 0
configure:2856: result: yes
configure:2865: checking whether gcc accepts -g
configure:2885: gcc -c -g  conftest.c >&5
configure:2885: $? = 0
configure:2926: result: yes
configure:2943: checking for gcc option to accept ISO C89
configure:3006: gcc  -c -g -O2  conftest.c >&5
configure:3006: $? = 0
configure:3019: result: none needed
configure:3082: checking for a BSD-compatible install
configure:3150: result: /usr/bin/install -c
configure:3171: checking how to run the C preprocessor
configure:3202: gcc -E  conftest.c
configure:3202: $? = 0
configure:3216: gcc -E  conftest.c
conftest.c:9:28: fatal error: ac_nonexistent.h: No such file or directory
compilation terminated.
configure:3216: $? = 1
configure: failed program was:
| /* confdefs.h */
| #define PACKAGE_NAME "topiary"
| #define PACKAGE_TARNAME "topiary"
| #define PACKAGE_VERSION "0.0.1"
| #define PACKAGE_STRING "topiary 0.0.1"
| #define PACKAGE_BUGREPORT "phewlett76@gmail.com"
| #define PACKAGE_URL "https://github.com/eccles/liblnxproc"
| /* end confdefs.h.  */
| #include <ac_nonexistent.h>
configure:3241: result: gcc -E
configure:3261: gcc -E  conftest.c
configure:3261: $? = 0
configure:3275: gcc -E  conftest.c
conftest.c:9:28: fatal error: ac_nonexistent.h: No such file or directory
compilation terminated.
configure:3275: $? = 1
configure: failed program was:
| /* confdefs.h */
| #define PACKAGE_NAME "topiary"
| #define PACKAGE_TARNAME "topiary"
| #define PACKAGE_VERSION "0.0.1"
| #define PACKAGE_STRING "topiary 0.0.1"
| #define PACKAGE_BUGREPORT "phewlett76@gmail.com"
| #define PACKAGE_URL "https://github.com/eccles/liblnxproc"
| /* end confdefs.h.  */
| #include <ac_nonexistent.h>
configure:3304: checking for grep that handles long lines and -e
configure:3362: result: /bin/grep
configure:3367: checking for egrep
configure:3429: result: /bin/grep -E
configure:3434: checking for ANSI C header files
configure:3454: gcc -c -g -O2  conftest.c >&5
configure:3454: $? = 0
configure:3527: gcc -o conftest -g -O2   conftest.c  >&5
configure:3527: $? = 0
configure:3527: ./conftest
configure:3527: $? = 0
configure:3538: result: yes
configure:3551: checking for sys/types.h
configure:3551: gcc -c -g -O2  conftest.c >&5
configure:3551: $? = 0
configure:3551: result: yes
configure:3551: checking for sys/stat.h
configure:3551: gcc -c -g -O2  conftest.c >&5
configure:3551: $? = 0
configure:3551: result: yes
configure:3551: checking for stdlib.h
configure:3551: gcc -c -g -O2  conftest.c >&5
configure:3551: $? = 0
configure:3551: result: yes
configure:3551: checking for string.h
configure:3551: gcc -c -g -O2  conftest.c >&5
configure:3551: $? = 0
configure:3551: result: yes
configure:3551: checking for memory.h
configure:3551: gcc -c -g -O2  conftest.c >&5
configure:3551: $? = 0
configure:3551: result: yes
configure:3551: checking for strings.h
configure:3551: gcc -c -g -O2  conftest.c >&5
configure:3551: $? = 0
configure:3551: result: yes
configure:3551: checking for inttypes.h
configure:3551: gcc -c -g -O2  conftest.c >&5
configure:3551: $? = 0
configure:3551: result: yes
configure:3551: checking for stdint.h
configure:3551: gcc -c -g -O2  conftest.c >&5
configure:3551: $? = 0
configure:3551: result: yes
configure:3551: checking for unistd.h
configure:3551: gcc -c -g -O2  conftest.c >&5
configure:3551: $? = 0
configure:3551: result: yes
configure:3566: checking fcntl.h usability
configure:3566: gcc -c -g -O2  conftest.c >&5
configure:3566: $? = 0
configure:3566: result: yes
configure:3566: checking fcntl.h presence
configure:3566: gcc -E  conftest.c
configure:3566: $? = 0
configure:3566: result: yes
configure:3566: checking for fcntl.h
configure:3566: result: yes
configure:3566: checking for inttypes.h
configure:3566: result: yes
configure:3566: checking limits.h usability
configure:3566: gcc -c -g -O2  conftest.c >&5
configure:3566: $? = 0
configure:3566: result: yes
configure:3566: checking limits.h presence
configure:3566: gcc -E  conftest.c
configure:3566: $? = 0
configure:3566: result: yes
configure:3566: checking for limits.h
configure:3566: result: yes
configure:3566: checking stddef.h usability
configure:3566: gcc -c -g -O2  conftest.c >&5
configure:3566: $? = 0
configure:3566: result: yes
configure:3566: checking stddef.h presence
configure:3566: gcc -E  conftest.c
configure:3566: $? = 0
configure:3566: result: yes
configure:3566: checking for stddef.h
configure:3566: result: yes
configure:3566: checking for stdlib.h
configure:3566: result: yes
configure:3566: checking for string.h
configure:3566: result: yes
configure:3566: checking sys/time.h usability
configure:3566: gcc -c -g -O2  conftest.c >&5
configure:3566: $? = 0
configure:3566: result: yes
configure:3566: checking sys/time.h presence
configure:3566: gcc -E  conftest.c
configure:3566: $? = 0
configure:3566: result: yes
configure:3566: checking for sys/time.h
configure:3566: result: yes
configure:3566: checking for unistd.h
configure:3566: result: yes
configure:3578: checking for inline
configure:3594: gcc -c -g -O2  conftest.c >&5
configure:3594: $? = 0
configure:3602: result: inline
configure:3620: checking for size_t
configure:3620: gcc -c -g -O2  conftest.c >&5
configure:3620: $? = 0
configure:3620: gcc -c -g -O2  conftest.c >&5
conftest.c: In function 'main':
conftest.c:63:21: error: expected expression before ')' token
configure:3620: $? = 1
configure: failed program was:
| /* confdefs.h */
| #define PACKAGE_NAME "topiary"
| #define PACKAGE_TARNAME "topiary"
| #define PACKAGE_VERSION "0.0.1"
| #define PACKAGE_STRING "topiary 0.0.1"
| #define PACKAGE_BUGREPORT "phewlett76@gmail.com"
| #define PACKAGE_URL "https://github.com/eccles/liblnxproc"
| #define STDC_HEADERS 1
| #define HAVE_SYS_TYPES_H 1
| #define HAVE_SYS_STAT_H 1
| #define HAVE_STDLIB_H 1
| #define HAVE_STRING_H 1
| #define HAVE_MEMORY_H 1
| #define HAVE_STRINGS_H 1
| #define HAVE_INTTYPES_H 1
| #define HAVE_STDINT_H 1
| #define HAVE_UNISTD_H 1
| #define HAVE_FCNTL_H 1
| #define HAVE_INTTYPES_H 1
| #define HAVE_LIMITS_H 1
| #define HAVE_STDDEF_H 1
| #define HAVE_STDLIB_H 1
| #define HAVE_STRING_H 1
| #define HAVE_SYS_TIME_H 1
| #define HAVE_UNISTD_H 1
| /* end confdefs.h.  */
| #include <stdio.h>
| #ifdef HAVE_SYS_TYPES_H
| # include <sys/types.h>
| #endif
| #ifdef HAVE_SYS_STAT_H
| # include <sys/stat.h>
| #endif
| #ifdef STDC_HEADERS
| # include <stdlib.h>
| # include <stddef.h>
| #else
| # ifdef HAVE_STDLIB_H
| #  include <stdlib.h>
| # endif
| #endif
| #ifdef HAVE_STRING_H
| # if !defined STDC_HEADERS && defined HAVE_MEMORY_H
| #  include <memory.h>
| # endif
| # include <string.h>
| #endif
| #ifdef HAVE_STRINGS_H
| # include <strings.h>
| #endif
| #ifdef HAVE_INTTYPES_H
| # include <inttypes.h>
| #endif
| #ifdef HAVE_STDINT_H
| # include <stdint.h>
| #endif
| #ifdef HAVE_UNISTD_H
| # include <unistd.h>
| #endif
| int
| main ()
| {
| if (sizeof ((size_t)))
| 	    return 0;
|   ;
|   return 0;
| }
configure:3620: result: yes
configure:3631: checking for ssize_t
configure:3631: gcc -c -g -O2  conftest.c >&5
configure:3631: $? = 0
configure:3631: gcc -c -g -O2  conftest.c >&5
conftest.c: In function 'main':
conftest.c:63:22: error: expected expression before ')' token
configure:3631: $? = 1
configure: failed program was:
| /* confdefs.h */
| #define PACKAGE_NAME "topiary"
| #define PACKAGE_TARNAME "topiary"
| #define PACKAGE_VERSION "0.0.1"
| #define PACKAGE_STRING "topiary 0.0.1"
| #define PACKAGE_BUGREPORT "phewlett76@gmail.com"
| #define PACKAGE_URL "https://github.com/eccles/liblnxproc"
| #define STDC_HEADERS 1
| #define HAVE_SYS_TYPES_H 1
| #define HAVE_SYS_STAT_H 1
| #define HAVE_STDLIB_H 1
| #define HAVE_STRING_H 1
| #define HAVE_MEMORY_H 1
| #define HAVE_STRINGS_H 1
| #define HAVE_INTTYPES_H 1
| #define HAVE_STDINT_H 1
| #define HAVE_UNISTD_H 1
| #define HAVE_FCNTL_H 1
| #define HAVE_INTTYPES_H 1
| #define HAVE_LIMITS_H 1
| #define HAVE_STDDEF_H 1
| #define HAVE_STDLIB_H 1
| #define HAVE_STRING_H 1
| #define HAVE_SYS_TIME_H 1
| #define HAVE_UNISTD_H 1
| /* end confdefs.h.  */
| #include <stdio.h>
| #ifdef HAVE_SYS_TYPES_H
| # include <sys/types.h>
| #endif
| #ifdef HAVE_SYS_STAT_H
| # include <sys/stat.h>
| #endif
| #ifdef STDC_HEADERS
| # include <stdlib.h>
| # include <stddef.h>
| #else
| # ifdef HAVE_STDLIB_H
| #  include <stdlib.h>
| # endif
| #endif
| #ifdef HAVE_STRING_H
| # if !defined STDC_HEADERS && defined HAVE_MEMORY_H
| #  include <memory.h>
| # endif
| # include <string.h>
| #endif
| #ifdef HAVE_STRINGS_H
| # include <strings.h>
| #endif
| #ifdef HAVE_INTTYPES_H
| # include <inttypes.h>
| #endif
| #ifdef HAVE_STDINT_H
| # include <stdint.h>
| #endif
| #ifdef HAVE_UNISTD_H
| # include <unistd.h>
| #endif
| int
| main ()
| {
| if (sizeof ((ssize_t)))
| 	    return 0;
|   ;
|   return 0;
| }
configure:3631: result: yes
configure:3642: checking for uint16_t
configure:3642: gcc -c -g -O2  conftest.c >&5
configure:3642: $? = 0
configure:3642: result: yes
configure:3654: checking for uint32_t
configure:3654: gcc -c -g -O2  conftest.c >&5
configure:3654: $? = 0
configure:3654: result: yes
configure:3668: checking for uint8_t
configure:3668: gcc -c -g -O2  conftest.c >&5
configure:3668: $? = 0
configure:3668: result: yes
configure:3682: checking for ptrdiff_t
configure:3682: gcc -c -g -O2  conftest.c >&5
configure:3682: $? = 0
configure:3682: gcc -c -g -O2  conftest.c >&5
conftest.c: In function 'main':
conftest.c:63:24: error: expected expression before ')' token
configure:3682: $? = 1
configure: failed program was:
| /* confdefs.h */
| #define PACKAGE_NAME "topiary"
| #define PACKAGE_TARNAME "topiary"
| #define PACKAGE_VERSION "0.0.1"
| #define PACKAGE_STRING "topiary 0.0.1"
| #define PACKAGE_BUGREPORT "phewlett76@gmail.com"
| #define PACKAGE_URL "https://github.com/eccles/liblnxproc"
| #define STDC_HEADERS 1
| #define HAVE_SYS_TYPES_H 1
| #define HAVE_SYS_STAT_H 1
| #define HAVE_STDLIB_H 1
| #define HAVE_STRING_H 1
| #define HAVE_MEMORY_H 1
| #define HAVE_STRINGS_H 1
| #define HAVE_INTTYPES_H 1
| #define HAVE_STDINT_H 1
| #define HAVE_UNISTD_H 1
| #define HAVE_FCNTL_H 1
| #define HAVE_INTTYPES_H 1
| #define HAVE_LIMITS_H 1
| #define HAVE_STDDEF_H 1
| #define HAVE_STDLIB_H 1
| #define HAVE_STRING_H 1
| #define HAVE_SYS_TIME_H 1
| #define HAVE_UNISTD_H 1
| /* end confdefs.h.  */
| #include <stdio.h>
| #ifdef HAVE_SYS_TYPES_H
| # include <sys/types.h>
| #endif
| #ifdef HAVE_SYS_STAT_H
| # include <sys/stat.h>
| #endif
| #ifdef STDC_HEADERS
| # include <stdlib.h>
| # include <stddef.h>
| #else
| # ifdef HAVE_STDLIB_H
| #  include <stdlib.h>
| # endif
| #endif
| #ifdef HAVE_STRING_H
| # if !defined STDC_HEADERS && defined HAVE_MEMORY_H
| #  include <memory.h>
| # endif
| # include <string.h>
| #endif
| #ifdef HAVE_STRINGS_H
| # include <strings.h>
| #endif
| #ifdef HAVE_INTTYPES_H
| # include <inttypes.h>
| #endif
| #ifdef HAVE_STDINT_H
| # include <stdint.h>
| #endif
| #ifdef HAVE_UNISTD_H
| # include <unistd.h>
| #endif
| int
| main ()
| {
| if (sizeof ((ptrdiff_t)))
| 	    return 0;
|   ;
|   return 0;
| }
configure:3682: result: yes
configure:3696: checking for stdlib.h
configure:3696: result: yes
configure:3706: checking for GNU libc compatible realloc
configure:3730: gcc -o conftest -g -O2   conftest.c  >&5
configure:3730: $? = 0
configure:3730: ./conftest
configure:3730: $? = 0
configure:3740: result: yes
configure:3761: checking whether strerror_r is declared
configure:3761: gcc -c -g -O2  conftest.c >&5
configure:3761: $? = 0
configure:3761: result: yes
configure:3774: checking for strerror_r
configure:3774: gcc -o conftest -g -O2   conftest.c  >&5
configure:3774: $? = 0
configure:3774: result: yes
configure:3783: checking whether strerror_r returns char *
configure:3807: gcc -c -g -O2  conftest.c >&5
conftest.c: In function 'main':
conftest.c:70:13: error: invalid type argument of unary '*' (have 'int')
conftest.c:71:14: warning: initialization makes pointer from integer without a cast [enabled by default]
configure:3807: $? = 1
configure: failed program was:
| /* confdefs.h */
| #define PACKAGE_NAME "topiary"
| #define PACKAGE_TARNAME "topiary"
| #define PACKAGE_VERSION "0.0.1"
| #define PACKAGE_STRING "topiary 0.0.1"
| #define PACKAGE_BUGREPORT "phewlett76@gmail.com"
| #define PACKAGE_URL "https://github.com/eccles/liblnxproc"
| #define STDC_HEADERS 1
| #define HAVE_SYS_TYPES_H 1
| #define HAVE_SYS_STAT_H 1
| #define HAVE_STDLIB_H 1
| #define HAVE_STRING_H 1
| #define HAVE_MEMORY_H 1
| #define HAVE_STRINGS_H 1
| #define HAVE_INTTYPES_H 1
| #define HAVE_STDINT_H 1
| #define HAVE_UNISTD_H 1
| #define HAVE_FCNTL_H 1
| #define HAVE_INTTYPES_H 1
| #define HAVE_LIMITS_H 1
| #define HAVE_STDDEF_H 1
| #define HAVE_STDLIB_H 1
| #define HAVE_STRING_H 1
| #define HAVE_SYS_TIME_H 1
| #define HAVE_UNISTD_H 1
| #define HAVE_PTRDIFF_T 1
| #define HAVE_STDLIB_H 1
| #define HAVE_REALLOC 1
| #define HAVE_DECL_STRERROR_R 1
| #define HAVE_STRERROR_R 1
| /* end confdefs.h.  */
| #include <stdio.h>
| #ifdef HAVE_SYS_TYPES_H
| # include <sys/types.h>
| #endif
| #ifdef HAVE_SYS_STAT_H
| # include <sys/stat.h>
| #endif
| #ifdef STDC_HEADERS
| # include <stdlib.h>
| # include <stddef.h>
| #else
| # ifdef HAVE_STDLIB_H
| #  include <stdlib.h>
| # endif
| #endif
| #ifdef HAVE_STRING_H
| # if !defined STDC_HEADERS && defined HAVE_MEMORY_H
| #  include <memory.h>
| # endif
| # include <string.h>
| #endif
| #ifdef HAVE_STRINGS_H
| # include <strings.h>
| #endif
| #ifdef HAVE_INTTYPES_H
| # include <inttypes.h>
| #endif
| #ifdef HAVE_STDINT_H
| # include <stdint.h>
| #endif
| #ifdef HAVE_UNISTD_H
| # include <unistd.h>
| #endif
| int
| main ()
| {
| 
| 	  char buf[100];
| 	  char x = *strerror_r (0, buf, sizeof buf);
| 	  char *p = strerror_r (0, buf, sizeof buf);
| 	  return !p || x;
| 
|   ;
|   return 0;
| }
configure:3845: result: no
configure:3856: checking for gettimeofday
configure:3856: gcc -o conftest -g -O2   conftest.c  >&5
configure:3856: $? = 0
configure:3856: result: yes
configure:3856: checking for memset
configure:3856: gcc -o conftest -g -O2   conftest.c  >&5
conftest.c:56:6: warning: conflicting types for built-in function 'memset' [enabled by default]
configure:3856: $? = 0
configure:3856: result: yes
configure:3856: checking for regcomp
configure:3856: gcc -o conftest -g -O2   conftest.c  >&5
configure:3856: $? = 0
configure:3856: result: yes
configure:3856: checking for strchr
configure:3856: gcc -o conftest -g -O2   conftest.c  >&5
conftest.c:58:6: warning: conflicting types for built-in function 'strchr' [enabled by default]
configure:3856: $? = 0
configure:3856: result: yes
configure:3856: checking for strdup
configure:3856: gcc -o conftest -g -O2   conftest.c  >&5
conftest.c:59:6: warning: conflicting types for built-in function 'strdup' [enabled by default]
configure:3856: $? = 0
configure:3856: result: yes
configure:3856: checking for strtoul
configure:3856: gcc -o conftest -g -O2   conftest.c  >&5
configure:3856: $? = 0
configure:3856: result: yes
configure:3982: creating ./config.status

## ---------------------- ##
## Running config.status. ##
## ---------------------- ##

This file was extended by topiary config.status 0.0.1, which was
generated by GNU Autoconf 2.69.  Invocation command line was

  CONFIG_FILES    = 
  CONFIG_HEADERS  = 
  CONFIG_LINKS    = 
  CONFIG_COMMANDS = 
  $ ./config.status 

on Feynmann.hewlett

config.status:826: creating Makefile
config.status:826: creating include/Makefile
config.status:826: creating include/topiary/Makefile
config.status:826: creating man/Makefile
config.status:826: creating src/Makefile
config.status:826: creating test/Makefile
config.status:826: creating config.h

## ---------------- ##
## Cache variables. ##
## ---------------- ##

ac_cv_c_compiler_gnu=yes
ac_cv_c_inline=inline
ac_cv_c_uint16_t=yes
ac_cv_c_uint32_t=yes
ac_cv_c_uint8_t=yes
ac_cv_env_CC_set=
ac_cv_env_CC_value=
ac_cv_env_CFLAGS_set=
ac_cv_env_CFLAGS_value=
ac_cv_env_CPPFLAGS_set=
ac_cv_env_CPPFLAGS_value=
ac_cv_env_CPP_set=
ac_cv_env_CPP_value=
ac_cv_env_LDFLAGS_set=
ac_cv_env_LDFLAGS_value=
ac_cv_env_LIBS_set=
ac_cv_env_LIBS_value=
ac_cv_env_build_alias_set=
ac_cv_env_build_alias_value=
ac_cv_env_host_alias_set=
ac_cv_env_host_alias_value=
ac_cv_env_target_alias_set=
ac_cv_env_target_alias_value=
ac_cv_func_gettimeofday=yes
ac_cv_func_memset=yes
ac_cv_func_realloc_0_nonnull=yes
ac_cv_func_regcomp=yes
ac_cv_func_strchr=yes
ac_cv_func_strdup=yes
ac_cv_func_strerror_r=yes
ac_cv_func_strerror_r_char_p=no
ac_cv_func_strtoul=yes
ac_cv_have_decl_strerror_r=yes
ac_cv_header_fcntl_h=yes
ac_cv_header_inttypes_h=yes
ac_cv_header_limits_h=yes
ac_cv_header_memory_h=yes
ac_cv_header_stdc=yes
ac_cv_header_stddef_h=yes
ac_cv_header_stdint_h=yes
ac_cv_header_stdlib_h=yes
ac_cv_header_string_h=yes
ac_cv_header_strings_h=yes
ac_cv_header_sys_stat_h=yes
ac_cv_header_sys_time_h=yes
ac_cv_header_sys_types_h=yes
ac_cv_header_unistd_h=yes
ac_cv_objext=o
ac_cv_path_EGREP='/bin/grep -E'
ac_cv_path_GREP=/bin/grep
ac_cv_path_install='/usr/bin/install -c'
ac_cv_prog_CPP='gcc -E'
ac_cv_prog_ac_ct_CC=gcc
ac_cv_prog_cc_c89=
ac_cv_prog_cc_g=yes
ac_cv_type_ptrdiff_t=yes
ac_cv_type_size_t=yes
ac_cv_type_ssize_t=yes

## ----------------- ##
## Output variables. ##
## ----------------- ##

CC='gcc'
CFLAGS='-g -O2'
CPP='gcc -E'
CPPFLAGS=''
DEFS='-DHAVE_CONFIG_H'
ECHO_C=''
ECHO_N='-n'
ECHO_T=''
EGREP='/bin/grep -E'
EXEEXT=''
GREP='/bin/grep'
INSTALL_DATA='${INSTALL} -m 644'
INSTALL_PROGRAM='${INSTALL}'
INSTALL_SCRIPT='${INSTALL}'
LDFLAGS=''
LIBOBJS=''
LIBS=''
LTLIBOBJS=''
OBJEXT='o'
PACKAGE_BUGREPORT='phewlett76@gmail.com'
PACKAGE_NAME='topiary'
PACKAGE_STRING='topiary 0.0.1'
PACKAGE_TARNAME='topiary'
PACKAGE_URL='https://github.com/eccles/liblnxproc'
PACKAGE_VERSION='0.0.1'
PATH_SEPARATOR=':'
SHELL='/bin/bash'
ac_ct_CC='gcc'
bindir='${exec_prefix}/bin'
build_alias=''
datadir='${datarootdir}'
datarootdir='${prefix}/share'
docdir='${datarootdir}/doc/${PACKAGE_TARNAME}'
dvidir='${docdir}'
exec_prefix='${prefix}'
host_alias=''
htmldir='${docdir}'
includedir='${prefix}/include'
infodir='${datarootdir}/info'
libdir='${exec_prefix}/lib'
libexecdir='${exec_prefix}/libexec'
localedir='${datarootdir}/locale'
localstatedir='${prefix}/var'
mandir='${datarootdir}/man'
oldincludedir='/usr/include'
pdfdir='${docdir}'
prefix='/usr/local'
program_transform_name='s,x,x,'
psdir='${docdir}'
sbindir='${exec_prefix}/sbin'
sharedstatedir='${prefix}/com'
sysconfdir='${prefix}/etc'
target_alias=''

## ----------- ##
## confdefs.h. ##
## ----------- ##

/* confdefs.h */
#define PACKAGE_NAME "topiary"
#define PACKAGE_TARNAME "topiary"
#define PACKAGE_VERSION "0.0.1"
#define PACKAGE_STRING "topiary 0.0.1"
#define PACKAGE_BUGREPORT "phewlett76@gmail.com"
#define PACKAGE_URL "https://github.com/eccles/liblnxproc"
#define STDC_HEADERS 1
#define HAVE_SYS_TYPES_H 1
#define HAVE_SYS_STAT_H 1
#define HAVE_STDLIB_H 1
#define HAVE_STRING_H 1
#define HAVE_MEMORY_H 1
#define HAVE_STRINGS_H 1
#define HAVE_INTTYPES_H 1
#define HAVE_STDINT_H 1
#define HAVE_UNISTD_H 1
#define HAVE_FCNTL_H 1
#define HAVE_INTTYPES_H 1
#define HAVE_LIMITS_H 1
#define HAVE_STDDEF_H 1
#define HAVE_STDLIB_H 1
#define HAVE_STRING_H 1
#define HAVE_SYS_TIME_H 1
#define HAVE_UNISTD_H 1
#define HAVE_PTRDIFF_T 1
#define HAVE_STDLIB_H 1
#define HAVE_REALLOC 1
#define HAVE_DECL_STRERROR_R 1
#define HAVE_STRERROR_R 1
#define HAVE_GETTIMEOFDAY 1
#define HAVE_MEMSET 1
#define HAVE_REGCOMP 1
#define HAVE_STRCHR 1
#define HAVE_STRDUP 1
#define HAVE_STRTOUL 1

configure: exit 0
